<?xml version="1.0" encoding="UTF-8"?>
<!-- Generated by org.testng.reporters.JUnitReportReporter -->
<testsuite hostname="DESKTOP-VIEGQI7" failures="0" tests="14" name="automationPracticeTest.FE.LoginFeature" time="189.964" errors="0" timestamp="2022-08-27T03:11:14 EET" skipped="0">
  <testcase classname="automationPracticeTest.FE.LoginFeature" name="loginWithDataCreated" time="14.865"/>
  <system-out/>
  <testcase classname="automationPracticeTest.FE.LoginFeature" name="loginValidation" time="4.508"/>
  <system-out/>
  <testcase classname="automationPracticeTest.FE.LoginFeature" name="loginValidation" time="16.324"/>
  <system-out/>
  <testcase classname="automationPracticeTest.FE.LoginFeature" name="createAccountValidation" time="19.817"/>
  <system-out/>
  <testcase classname="automationPracticeTest.FE.LoginFeature" name="loginValidation" time="25.289"/>
  <system-out/>
  <testcase classname="automationPracticeTest.FE.LoginFeature" name="loginValidation" time="6.944"/>
  <system-out/>
  <testcase classname="automationPracticeTest.FE.LoginFeature" name="loginValidation" time="6.364"/>
  <system-out/>
  <testcase classname="automationPracticeTest.FE.LoginFeature" name="loginValidation" time="11.373"/>
  <system-out/>
  <testcase classname="automationPracticeTest.FE.LoginFeature" name="loginValidation" time="5.502"/>
  <system-out/>
  <testcase classname="automationPracticeTest.FE.LoginFeature" name="accountCreationUsingRegisteredEmail" time="13.145"/>
  <system-out/>
  <testcase classname="automationPracticeTest.FE.LoginFeature" name="accountCreationUsingInvalidPersonalData" time="15.023"/>
  <system-out/>
  <testcase classname="automationPracticeTest.FE.LoginFeature" name="accountCreationUsingInvalidPersonalData" time="21.545"/>
  <system-out/>
  <testcase classname="automationPracticeTest.FE.LoginFeature" name="accountCreationUsingInvalidPersonalData" time="16.511"/>
  <system-out/>
  <testcase classname="automationPracticeTest.FE.LoginFeature" name="accountCreationUsingInvalidPersonalData" time="12.754"/>
  <system-out/>
</testsuite> <!-- automationPracticeTest.FE.LoginFeature -->
