<?xml version="1.0" encoding="UTF-8"?>
<!-- Generated by org.testng.reporters.JUnitReportReporter -->
<testsuite hostname="DESKTOP-VIEGQI7" failures="0" tests="4" name="automationPracticeTest.UI.LoginFeature" time="31.147" errors="0" timestamp="2022-07-30T19:50:09 EET" skipped="0">
  <testcase classname="automationPracticeTest.UI.LoginFeature" name="createAccount" time="13.439"/>
  <system-out/>
  <testcase classname="automationPracticeTest.UI.LoginFeature" name="accountCreationUsingInvalidPersonalData" time="0.017"/>
  <system-out/>
  <testcase classname="automationPracticeTest.UI.LoginFeature" name="accountCreationUsingRegisteredEmail" time="11.567"/>
  <system-out/>
  <testcase classname="automationPracticeTest.UI.LoginFeature" name="loginWithRegisteredData" time="6.124"/>
  <system-out/>
</testsuite> <!-- automationPracticeTest.UI.LoginFeature -->
