<?xml version="1.0" encoding="UTF-8"?>
<!-- Generated by org.testng.reporters.JUnitReportReporter -->
<testsuite hostname="DESKTOP-VIEGQI7" failures="0" tests="14" name="automationPracticeTest.FE.LoginFeature" time="181.932" errors="0" timestamp="2022-08-28T01:25:35 EET" skipped="0">
  <testcase classname="automationPracticeTest.FE.LoginFeature" name="loginValidation" time="19.652"/>
  <system-out/>
  <testcase classname="automationPracticeTest.FE.LoginFeature" name="loginValidation" time="12.755"/>
  <system-out/>
  <testcase classname="automationPracticeTest.FE.LoginFeature" name="createAccountValidation" time="23.642"/>
  <system-out/>
  <testcase classname="automationPracticeTest.FE.LoginFeature" name="loginWithDataCreated" time="13.923"/>
  <system-out/>
  <testcase classname="automationPracticeTest.FE.LoginFeature" name="loginValidation" time="6.683"/>
  <system-out/>
  <testcase classname="automationPracticeTest.FE.LoginFeature" name="loginValidation" time="9.795"/>
  <system-out/>
  <testcase classname="automationPracticeTest.FE.LoginFeature" name="loginValidation" time="13.108"/>
  <system-out/>
  <testcase classname="automationPracticeTest.FE.LoginFeature" name="loginValidation" time="7.932"/>
  <system-out/>
  <testcase classname="automationPracticeTest.FE.LoginFeature" name="loginValidation" time="8.947"/>
  <system-out/>
  <testcase classname="automationPracticeTest.FE.LoginFeature" name="accountCreationUsingInvalidPersonalData" time="12.739"/>
  <system-out/>
  <testcase classname="automationPracticeTest.FE.LoginFeature" name="accountCreationUsingInvalidPersonalData" time="12.203"/>
  <system-out/>
  <testcase classname="automationPracticeTest.FE.LoginFeature" name="accountCreationUsingInvalidPersonalData" time="11.660"/>
  <system-out/>
  <testcase classname="automationPracticeTest.FE.LoginFeature" name="accountCreationUsingRegisteredEmail" time="19.064"/>
  <system-out/>
  <testcase classname="automationPracticeTest.FE.LoginFeature" name="accountCreationUsingInvalidPersonalData" time="9.829"/>
  <system-out/>
</testsuite> <!-- automationPracticeTest.FE.LoginFeature -->
