<?xml version="1.0" encoding="UTF-8"?>
<!-- Generated by org.testng.reporters.JUnitReportReporter -->
<testsuite hostname="DESKTOP-VIEGQI7" failures="0" tests="14" name="automationPracticeTest.FE.LoginFeature" time="423.975" errors="0" timestamp="2022-08-30T19:10:36 EET" skipped="0">
  <testcase classname="automationPracticeTest.FE.LoginFeature" name="loginValidation" time="12.218"/>
  <system-out/>
  <testcase classname="automationPracticeTest.FE.LoginFeature" name="createAccountValidation" time="40.938"/>
  <system-out/>
  <testcase classname="automationPracticeTest.FE.LoginFeature" name="loginValidation" time="13.537"/>
  <system-out/>
  <testcase classname="automationPracticeTest.FE.LoginFeature" name="loginValidation" time="81.377"/>
  <system-out/>
  <testcase classname="automationPracticeTest.FE.LoginFeature" name="loginValidation" time="28.307"/>
  <system-out/>
  <testcase classname="automationPracticeTest.FE.LoginFeature" name="loginValidation" time="31.626"/>
  <system-out/>
  <testcase classname="automationPracticeTest.FE.LoginFeature" name="loginValidation" time="21.814"/>
  <system-out/>
  <testcase classname="automationPracticeTest.FE.LoginFeature" name="loginValidation" time="15.006"/>
  <system-out/>
  <testcase classname="automationPracticeTest.FE.LoginFeature" name="loginWithDataCreated" time="34.692"/>
  <system-out/>
  <testcase classname="automationPracticeTest.FE.LoginFeature" name="accountCreationUsingInvalidPersonalData" time="12.591"/>
  <system-out/>
  <testcase classname="automationPracticeTest.FE.LoginFeature" name="accountCreationUsingInvalidPersonalData" time="27.692"/>
  <system-out/>
  <testcase classname="automationPracticeTest.FE.LoginFeature" name="accountCreationUsingInvalidPersonalData" time="27.631"/>
  <system-out/>
  <testcase classname="automationPracticeTest.FE.LoginFeature" name="accountCreationUsingRegisteredEmail" time="56.850"/>
  <system-out/>
  <testcase classname="automationPracticeTest.FE.LoginFeature" name="accountCreationUsingInvalidPersonalData" time="19.696"/>
  <system-out/>
</testsuite> <!-- automationPracticeTest.FE.LoginFeature -->
